<?xml version="1.0" encoding="UTF-8"?>
<!-- Generated by org.testng.reporters.JUnitReportReporter -->
<testsuite skipped="0" hostname="RYSENZ-PC" name="com.api.test.TestApi_01" tests="3" failures="0" timestamp="2020-05-03T08:17:08 IST" time="10.087" errors="0">
  <testcase name="getApiResponseWithoutUsingUtils" time="6.854" classname="com.api.test.TestApi_01"/>
  <system-out/>
  <testcase name="getCallUsingUtils" time="0.439" classname="com.api.test.TestApi_01"/>
  <system-out/>
  <testcase name="postCallUsingUtils" time="2.794" classname="com.api.test.TestApi_01"/>
  <system-out/>
</testsuite> <!-- com.api.test.TestApi_01 -->
