<?xml version="1.0" encoding="UTF-8"?>
<!-- Generated by org.testng.reporters.JUnitReportReporter -->
<testsuite skipped="0" hostname="RYSENZ-PC" name="com.api.test.TestApi_01" tests="1" failures="0" timestamp="2020-05-01T09:55:37 IST" time="3.930" errors="0">
  <testcase name="getApiResponse" time="3.930" classname="com.api.test.TestApi_01"/>
  <system-out/>
</testsuite> <!-- com.api.test.TestApi_01 -->
